-------------------------------------------------------------------------------
Test set: algorithms.ArraySorterTest
-------------------------------------------------------------------------------
Tests run: 1, Failures: 1, Errors: 0, Skipped: 0, Time elapsed: 0.043 sec <<< FAILURE! - in algorithms.ArraySorterTest
canSortArray()  Time elapsed: 0.013 sec  <<< FAILURE!
org.opentest4j.AssertionFailedError: Not implemented
	at algorithms.ArraySorterTest.canSortArray(ArraySorterTest.java:15)

